<?xml version="1.0" encoding="UTF-8"?>
<testsuite xmlns:xsi="http://www.w3.org/2001/XMLSchema-instance" xsi:noNamespaceSchemaLocation="https://maven.apache.org/surefire/maven-surefire-plugin/xsd/surefire-test-report-3.0.xsd" version="3.0" name="com.dogs.dogsitters.DogsittersApplicationTests" time="1.629" tests="1" errors="0" skipped="0" failures="0">
  <properties>
[...]
</properties>
  <testcase name="contextLoads" classname="com.dogs.dogsitters.DogsittersApplicationTests" time="0.508">
    <system-out><![CDATA[16:23:21.254 [main] INFO org.springframework.test.context.support.AnnotationConfigContextLoaderUtils -- Could not detect default configuration classes for test class [com.dogs.dogsitters.DogsittersApplicationTests]: DogsittersApplicationTests does not declare any static, non-private, non-final, nested classes annotated with @Configuration.
16:23:21.337 [main] INFO org.springframework.boot.test.context.SpringBootTestContextBootstrapper -- Found @SpringBootConfiguration com.dogs.dogsitters.DogsittersApplication for test class com.dogs.dogsitters.DogsittersApplicationTests

  .   ____          _            __ _ _
 /\\ / ___'_ __ _ _(_)_ __  __ _ \ \ \ \
( ( )\___ | '_ | '_| | '_ \/ _` | \ \ \ \
 \\/  ___)| |_)| | | | | || (_| |  ) ) ) )
  '  |____| .__|_| |_|_| |_\__, | / / / /
 =========|_|==============|___/=/_/_/_/
 :: Spring Boot ::                (v3.1.7)

2024-03-07T16:23:21.589+03:00  INFO 19552 --- [           main] c.d.d.DogsittersApplicationTests         : Starting DogsittersApplicationTests using Java 20.0.2 with PID 19552 (started by Mihail in E:\WorkStudents\AndroidSpringBootMySQLDogsitters\Server)
2024-03-07T16:23:21.590+03:00  INFO 19552 --- [           main] c.d.d.DogsittersApplicationTests         : No active profile set, falling back to 1 default profile: "default"
2024-03-07T16:23:22.259+03:00  INFO 19552 --- [           main] c.d.d.DogsittersApplicationTests         : Started DogsittersApplicationTests in 0.834 seconds (process running for 1.448)
]]></system-out>
  </testcase>
</testsuite>